<?xml version="1.0" encoding="UTF-8"?>
<con:soapui-project id="3f4c09db-041c-4f50-bc72-7bf6261ad065" activeEnvironment="Default" name="Test-soapui-project" resourceRoot="" soapui-version="5.4.0" xmlns:con="http://eviware.com/soapui/config"><con:settings/><con:properties/><con:wssContainer/><con:oAuth2ProfileContainer/><con:oAuth1ProfileContainer/></con:soapui-project>